<?xml version="1.0" encoding="UTF-8"?>
<testsuite name="qa.learning.tests.CreateGroupTest" tests="1" skipped="0" failures="0" errors="0" timestamp="2023-01-22T10:34:06" hostname="DESKTOP-O3VB4IV" time="28.325">
  <properties/>
  <testcase name="testCreateGroup" classname="qa.learning.tests.CreateGroupTest" time="28.325"/>
  <system-out><![CDATA[]]></system-out>
  <system-err><![CDATA[SLF4J: Failed to load class "org.slf4j.impl.StaticLoggerBinder".
SLF4J: Defaulting to no-operation (NOP) logger implementation
SLF4J: See http://www.slf4j.org/codes.html#StaticLoggerBinder for further details.
Starting ChromeDriver 109.0.5414.74 (e7c5703604daa9cc128ccf5a5d3e993513758913-refs/branch-heads/5414@{#1172}) on port 32949
Only local connections are allowed.
Please see https://chromedriver.chromium.org/security-considerations for suggestions on keeping ChromeDriver safe.
ChromeDriver was started successfully.
янв. 22, 2023 5:34:09 PM org.openqa.selenium.devtools.CdpVersionFinder findNearestMatch
WARNING: Unable to find an exact match for CDP version 109, so returning the closest version found: 108
]]></system-err>
</testsuite>
