<?xml version="1.0" encoding="UTF-8"?>
<testsuite name="qa.learning.tests.CreateGroupTest" tests="1" skipped="1" failures="0" errors="0" timestamp="2023-02-12T15:09:51" hostname="DESKTOP-O3VB4IV" time="0.0">
  <properties/>
  <testcase name="testCreateGroup" classname="qa.learning.tests.CreateGroupTest" time="0.0">
    <skipped/>
  </testcase>
  <system-out><![CDATA[22:09:50.707 [AsyncHttpClient-1-1] DEBUG org.asynchttpclient.netty.channel.DefaultChannelPool - Entry count for : http://localhost:2206 : 1
22:09:50.708 [AsyncHttpClient-1-1] DEBUG org.asynchttpclient.netty.channel.DefaultChannelPool - Entry count for : http://localhost:62272 : 1
]]></system-out>
  <system-err><![CDATA[]]></system-err>
</testsuite>
