<?xml version="1.0" encoding="UTF-8"?>
<testsuite name="qa.learning.tests.CreateGroupTest" tests="1" skipped="1" failures="0" errors="0" timestamp="2023-02-12T08:33:24" hostname="DESKTOP-O3VB4IV" time="0.0">
  <properties/>
  <testcase name="testCreateGroup" classname="qa.learning.tests.CreateGroupTest" time="0.0">
    <skipped/>
  </testcase>
  <system-out><![CDATA[]]></system-out>
  <system-err><![CDATA[]]></system-err>
</testsuite>
